Taxon	Loci
Acokanthera_oblongifolia_PAFTOL025441	328
Adenium_obesum_PAFTOL004037	308
Aganosma_heynei_PAFTOL031726	269
Allowoodsonia_whitmorei_PAFTOL025437	309
Alstonia_macrophylla_PAFTOL004113	323
Alstonia_scholaris_PAFTOL006553	328
Alyxia_buxifolia_PAFTOL004100	317
Amalocalyx_microlobus_PAFTOL031697	329
Ambelania_acida_PAFTOL025325	326
Amsonia_hubrichtii_PAFTOL005220	307
Ancylobothrys_amoena_PAFTOL031719	331
Anechites_nerium_PAFTOL031747	328
Anemotrochus_eggersii_PAFTOL031699	329
Angadenia_berteroi_PAFTOL031748	332
Anisopus_mannii_PAFTOL031795	324
Anisotoma_cordifolia_PAFTOL031772	328
Anodendron_affine_PAFTOL031727	322
Antonia_ovata_PAFTOL005873	282
Apocynum_venetum_PAFTOL004112	309
Apteranthes_tuberculata_PAFTOL027263	318
Artia_balansae_PAFTOL025405	322
Asclepias_barjoniifolia_PAFTOL004064	289
Asketanthera_picardae_PAFTOL025329	244
Aspidoglossum_biflorum_PAFTOL031771	320
Aspidonepsis_cognata_PAFTOL031798	328
Aspidosperma_cylindrocarpon_PAFTOL004040	293
Atherandra_acutifolia_PAFTOL031809	330
Australluma_peschii_PAFTOL027265	308
Baharuia_gracilis_PAFTOL031816	326
Baissea_sp_PAFTOL004097	306
Barjonia_laxa_CB448	329
Baroniella_camptocarpoides_PAFTOL031749	326
Baseonema_gregorii_PAFTOL031750	326
Batesanthus_purpureus_PAFTOL025247	311
Baynesia_lophophora_PAFTOL027267	327
Blepharodon_ampliflorum_CB9	262
Bousigonia_mekongensis_PAFTOL025503	331
Buckollia_volubilis_PAFTOL031751	329
Calciphila_gillettii_PAFTOL027235	329
Callichilia_subsessilis_PAFTOL025317	317
Calocrater_preussii_PAFTOL025305	308
Calyptranthera_gautieri_PAFTOL031804	329
Campestigma_purpurea_PAFTOL031700	330
Camptocarpus_mauritianus_PAFTOL031752	328
Carissa_macrocarpa_PAFTOL005221	310
Carissa_spinarum_PAFTOL025443	330
Carvalhoa_campanulata_PAFTOL031753	330
Cerbera_dumicola_GAP022557	330
Cerberiopsis_obtusifolia_PAFTOL025407	326
Ceropegia_sandersonii_PAFTOL005222	294
Chamaeclitandra_henriquesiana_PAFTOL025175	325
Chilocarpus_costatus_PAFTOL031728	325
Chironia_baccifera_PAFTOL005228	255
Chlorocyathus_monteiroae_PAFTOL025505	298
Chloropetalum_denticulatum_PAFTOL031729	330
Chonemorpha_fragrans_PAFTOL031730	332
Cibirhiza_dhofarensis_PAFTOL031755	328
Cionura_erecta_PAFTOL031756	331
Colletoecema_tortistilum_PAFTOL005241	303
Condylocarpon_isthmicum_PAFTOL031721	328
Conomitra_linearis_PAFTOL031808	324
Cordylogyne_globosa_PAFTOL027237	325
Cristobalia_bella_PAFTOL027243	327
Cryptolepis_nigrescens_PAFTOL025303	325
Cryptostegia_madagascariensis_PAFTOL025359	321
Cycladenia_humilis_PAFTOL031773	323
Cyclocotyla_congolensis_PAFTOL025255	326
Cylindropsis_parvifolia_PAFTOL025307	325
Cynanchum_gracillimum_PAFTOL025271	320
Cynanchum_laeve_PAFTOL031815	332
Dalzielia_oblanceolata_PAFTOL025355	328
Decanema_bojerianum_PAFTOL031789	329
Desmidorchis_retrospiciens_PAFTOL027273	322
Dewevrella_cochliostema_PAFTOL031758	328
Dictyophleba_lucida_PAFTOL025391	329
Didymosalpinx_norae_PAFTOL021419	314
Dischidanthus_urceolatus_PAFTOL027311	328
Dischidia_nummularia_GAP022127	329
Ditassa_auriflora_CB95	331
Ditassa_grandiflora_PAFTOL025209	327
Ditassa_mucronata_CB90	331
Ditassa_obcordata_CB89	327
Ditassa_taxifolia_CB93	331
Dregea_floribunda_PAFTOL031759	329
Duvalia_elegans_PAFTOL031760	327
Duvaliandra_dioscoridis_PAFTOL027275	323
Echidnopsis_cereiformis_PAFTOL031761	325
Echites_umbellatus_PAFTOL004048	286
Ectadium_virgatum_PAFTOL031762	329
Edithcolea_grandis_PAFTOL027277	326
Elytropus_chilensis_PAFTOL031763	330
Emicocarpus_fissifolius_PAFTOL025387	325
Emplectanthus_cordatus_PAFTOL031702	321
Ephippiocarpa_orientalis_PAFTOL031764	329
Epigynum_auritum_PAFTOL031703	330
Epistemma_assianum_PAFTOL031765	327
Eucorymbia_alba_PAFTOL031716	330
Eustegia_minuta_PAFTOL004041	304
Fanninia_caloglossa_PAFTOL027239	327
Farquharia_elliptica_PAFTOL031691	331
Finlaysonia_obovata_GAP022109	330
Fischeria_scandens_PAFTOL031817	330
Forsteronia_acouci_PAFTOL004047	319
Funastrum_angustissimum_PAFTOL031776	330
Funtumia_africana_PAFTOL031735	330
Galactophora_schomburgkiana_PAFTOL031704	327
Geissospermum_argenteum_PAFTOL025219	329
Gelsemium_elegans_SRR12009649	316
Genianthus_micranthus_PAFTOL031821	331
Geniostoma_borbonicum_PAFTOL006558	322
Glossostelma_spathulatum_PAFTOL031799	323
Gongronema_filipes_PAFTOL027313	329
Gonioma_kamassi_PAFTOL004050	317
Goniostemma_acuminatum_PAFTOL025379	294
Gonolobus_barbatus_PAFTOL031800	328
Gymnemopsis_calcicola_PAFTOL025463	323
Hancornia_speciosa_PAFTOL025229	328
Haplophyton_cimicidum_PAFTOL031732	325
Harmandiella_cordifolia_PAFTOL027317	330
Hemipogon_abietoides_CB81	328
Hemipogon_acerosus_CB453	326
Heterostemma_herbertii_PAFTOL031705	323
Himatanthus_attenuatus_PAFTOL031692	326
Huernia_barbata_PAFTOL031766	328
Hylaea_arborescens_PAFTOL025493	318
Ibatia_demuneri_PAFTOL027245	327
Ischnolepis_natalensis_PAFTOL027331	328
Isonema_smeathmannii_PAFTOL031767	329
Jasminanthes_suaveolens_PAFTOL031768	327
Jobinia_connivens_PAFTOL025213	287
Kamettia_chandeei_PAFTOL025465	283
Kanahia_laniflora_PAFTOL031769	326
Kibatalia_macrophylla_PAFTOL031733	332
Kopsia_arborea_GAP022171	331
Lachnostoma_ecuadorense_PAFTOL027247	331
Lacmellea_bahiensis_PAFTOL025231	330
Landolphia_incerta_PAFTOL004111	256
Larryleachia_perlata_PAFTOL027279	324
Laubertia_contorta_PAFTOL031706	329
Lavrania_haagnerae_PAFTOL027281	326
Lepinia_taitensis_PAFTOL006555	325
Leptadenia_madagascariensis_PAFTOL031797	323
Leuconotis_anceps_PAFTOL025339	290
Luculia_pinceana_PAFTOL005309	294
Lygisma_inflexum_PAFTOL027321	328
Maclaudia_felixii_PAFTOL031820	321
Macrocarpaea_stenophylla_PAFTOL005232	269
Macroscepis_sp_PAFTOL031738	331
Margaretta_rosea_PAFTOL031807	329
Marsdenia_angolensis_PAFTOL027315	327
Mascarenhasia_lisianthiflora_PAFTOL005311	285
Melodinus_forbesii_PAFTOL005890	301
Metastelma_harley_CB10	304
Metastelma_parviflorum_CB83	296
Micrechites_rhombifolius_PAFTOL031717	318
Microloma_sagittatum_PAFTOL031770	327
Microplumeria_anomala_PAFTOL031736	332
Minaria_acerosa_CB411	326
Minaria_cordata_CB198	331
Minaria_decussata_CB205	321
Minaria_grazielae_CB449	314
Minaria_harley_CB206	299
Minaria_hemipogonoides_CB208	293
Minaria_lourtegiae_CB433	294
Minaria_magisteriana_CB435	322
Minaria_micromeria_CB436	312
Minaria_parva_CB443	323
Minaria_refractifolia_CB442	238
Minaria_semirii_CB444	326
Minaria_volubilis_CB216	327
Miraglossum_pulchellum_PAFTOL031898	324
Molongum_laxum_PAFTOL025221	322
Mondia_whitei_PAFTOL031737	327
Monolluma_socotrana_PAFTOL027283	316
Monsanima_morrenioides_PAFTOL025215	300
Morilloa_lutea_PAFTOL025211	327
Mortoniella_pittieri_PAFTOL031794	320
Motandra_paniculata_PAFTOL025239	328
Mucoa_duckei_PAFTOL031810	330
Myriopteron_extensum_PAFTOL025205	319
Neoschumannia_kamerunensis_PAFTOL031897	322
Nephradenia_acerosa_CB451	322
Nephradenia_asparagoides_CB452	286
Nerium_oleander_PAFTOL031713	329
Neuburgia_corynocarpa_PAFTOL007837	311
Oncinema_lineare_PAFTOL031774	330
Oncinotis_tenuiloba_PAFTOL031812	332
Ophionella_arcuata_PAFTOL027285	327
Ophiorrhiza_winkleri_PAFTOL005263	290
Orbea_hardyi_PAFTOL027287	326
Oreosparte_celebica_PAFTOL027323	326
Orthanthera_jasminiflora_PAFTOL027257	331
Orthopichonia_barteri_PAFTOL031722	327
Orthopichonia_seretii_PAFTOL025253	301
Orthosia_dusenii_PAFTOL025217	327
Orthosia_scoparia_PAFTOL025207	324
Pachycarpus_grandiflorus_PAFTOL031775	295
Pacouria_guianensis_PAFTOL025233	328
Papuahoya_bykulleana_PAFTOL027325	327
Papuechites_aambe_PAFTOL025337	320
Parapodium_costatum_PAFTOL031777	325
Pectinaria_articulata_PAFTOL027289	329
Pentacyphus_camargoi_PAFTOL027253	327
Pentalinon_luteum_PAFTOL031778	328
Pentasacme_caudatum_PAFTOL027259	319
Pentatropis_capensis_PAFTOL031739	314
Pentopetia_albicans_PAFTOL031740	331
Perama_dichotoma_PAFTOL005268	243
Periglossum_mkenii_PAFTOL031693	328
Peruviasclepias_aliciae_PAFTOL031791	329
Pervillaea_tomentosa_PAFTOL031707	325
Phaeostemma_kelleri_PAFTOL031813	328
Pherotrichis_sp_PAFTOL031757	328
Philibertia_solanoides_PAFTOL031780	325
Phyllanthera_grayi_GAP022225	330
Phyllanthera_nymanii_PAFTOL025419	290
Piaranthus_geminatus_PAFTOL027291	325
Picralima_nitida_PAFTOL025249	329
Pinochia_corymbosa_PAFTOL031708	332
Pleiocarpa_rostrata_PAFTOL025251	329
Pleioceras_barteri_PAFTOL031782	330
Plocama_calabrica_PAFTOL021615	323
Plumeria_obtusa_PAFTOL005225	293
Polystemma_scopulorum_PAFTOL031694	331
Pottsia_laxiflora_PAFTOL031715	330
Pruskortizia_macrocarpa_PAFTOL027249	263
Pseudolithos_dodsonianus_PAFTOL027293	329
Pseudolithos_mccoyi_PAFTOL027261	323
Psychotria_borbonica_PAFTOL021587	321
Pteralyxia_laurifolia_PAFTOL031741	316
Quaqua_parviflora_PAFTOL031801	321
Raphionacme_hirsuta_PAFTOL031783	321
Rauvolfia_vomitoria_PAFTOL006556	323
Rhabdadenia_madida_PAFTOL005330	260
Rhigospira_quadrangularis_PAFTOL025223	320
Rhyssolobium_dumosum_PAFTOL031784	329
Rhytidocaulon_macrolobum_PAFTOL027295	322
Rhytidostemma_sp_PAFTOL027335	328
Richtersveldia_columnaris_PAFTOL027297	327
Riocreuxia_torulosa_PAFTOL031785	326
Riparoampelos_amazonicus_PAFTOL031818	326
Rojasia_gracilis_PAFTOL027337	321
Ruehssia_carvalhoi_PAFTOL004072	296
Saba_comorensis_PAFTOL025281	328
Sacleuxia_newii_PAFTOL031786	332
Sarcolobus_vittatus_GAP022293	326
Sarcorrhiza_epiphytica_PAFTOL025473	326
Schizocolea_linderi_PAFTOL005887	317
Schizoglossum_atropurpureum_PAFTOL031806	328
Schizostephanus_alatus_PAFTOL031787	330
Schizozygia_coffeoides_PAFTOL025453	324
Schlechterella_abyssinica_PAFTOL027333	317
Schubertia_multiflora_PAFTOL031788	328
Scyphostelma_harlingii_PAFTOL031709	328
Secamone_schweinfurthii_PAFTOL005226	304
Secamonopsis_madagascariensis_PAFTOL025361	330
Sicyocarpus_verrucosus_PAFTOL027329	325
Sisyranthus_barbatus_PAFTOL025439	318
Socotrella_dolichocnema_PAFTOL027299	330
Solenostemma_oleifolium_PAFTOL031742	330
Spigelia_pulchella_PAFTOL005874	298
Spirolobium_cambodianum_PAFTOL031710	328
Spongiosperma_grandiflorum_PAFTOL031718	331
Stapelianthus_decaryi_PAFTOL027301	330
Stapeliopsis_saxatilis_PAFTOL027303	326
Stathmostelma_gigantiflorum_PAFTOL031802	322
Stenostelma_capense_PAFTOL031790	313
Stephanostegia_hildebrandtii_PAFTOL025363	315
Stigmatorhynchus_umbellifer_PAFTOL031698	330
Stipecoma_peltigera_PAFTOL031701	292
Stomatostemma_monteiroae_PAFTOL027339	327
Strempeliopsis_strempelioides_PAFTOL025289	325
Streptocaulon_juventas_PAFTOL031696	330
Strophanthus_eminii_PAFTOL031743	332
Strychnos_splendens_PAFTOL005235	292
Suberogerens_cyclophylla_PAFTOL031822	328
Tabernaemontana_divaricata_PAFTOL005308	266
Tacazzea_venosa_PAFTOL004103	283
Tassadia_stricta_CB457	290
Tavaresia_barklyi_PAFTOL027305	317
Temnadenia_odorifera_PAFTOL031711	326
Thenardia_galeottiana_PAFTOL031814	328
Thevetia_bicornuta_PAFTOL031724	328
Topea_micrantha_PAFTOL027255	325
Toxocarpus_kleinii_PAFTOL031792	317
Trichosandra_borbonica_PAFTOL031803	332
Tridentea_gemmiflora_PAFTOL027307	320
Tromotriche_ruschiana_PAFTOL027309	322
Tweedia_brunonis_PAFTOL027251	327
Tylodontia_stipitata_PAFTOL031714	328
Utania_racemosa_PAFTOL005230	243
Vahadenia_caillei_PAFTOL025357	327
Vallaris_solanacea_PAFTOL004042	317
Vallesia_glabra_PAFTOL031744	324
Vinca_difformis_PAFTOL004938	282
Voacanga_thouarsii_PAFTOL006637	326
Wattakaka_volubilis_PAFTOL031745	329
Woodia_mucronata_PAFTOL027241	327
Xysmalobium_undulatum_PAFTOL031746	328
