Taxon	Loci
Acokanthera_oblongifolia_PAFTOL025441	212
Adenium_obesum_PAFTOL004037	209
Aganosma_heynei_PAFTOL031726	190
Allowoodsonia_whitmorei_PAFTOL025437	209
Alstonia_macrophylla_PAFTOL004113	212
Alstonia_scholaris_PAFTOL006553	212
Alyxia_buxifolia_PAFTOL004100	209
Amalocalyx_microlobus_PAFTOL031697	211
Ambelania_acida_PAFTOL025325	211
Amsonia_hubrichtii_PAFTOL005220	207
Ancylobothrys_amoena_PAFTOL031719	211
Anechites_nerium_PAFTOL031747	211
Anemotrochus_eggersii_PAFTOL031699	212
Angadenia_berteroi_PAFTOL031748	212
Anisopus_mannii_PAFTOL031795	210
Anisotoma_cordifolia_PAFTOL031772	211
Anodendron_affine_PAFTOL031727	210
Antonia_ovata_PAFTOL005873	197
Apocynum_venetum_PAFTOL004112	208
Apteranthes_tuberculata_PAFTOL027263	211
Artia_balansae_PAFTOL025405	211
Asclepias_barjoniifolia_PAFTOL004064	197
Asketanthera_picardae_PAFTOL025329	181
Aspidoglossum_biflorum_PAFTOL031771	210
Aspidonepsis_cognata_PAFTOL031798	212
Aspidosperma_cylindrocarpon_PAFTOL004040	203
Atherandra_acutifolia_PAFTOL031809	212
Australluma_peschii_PAFTOL027265	210
Baharuia_gracilis_PAFTOL031816	212
Baissea_sp_PAFTOL004097	209
Barjonia_laxa_CB448	212
Baroniella_camptocarpoides_PAFTOL031749	212
Baseonema_gregorii_PAFTOL031750	212
Batesanthus_purpureus_PAFTOL025247	208
Baynesia_lophophora_PAFTOL027267	212
Blepharodon_ampliflorum_CB9	186
Bousigonia_mekongensis_PAFTOL025503	212
Buckollia_volubilis_PAFTOL031751	211
Calciphila_gillettii_PAFTOL027235	212
Callichilia_subsessilis_PAFTOL025317	209
Calocrater_preussii_PAFTOL025305	208
Calyptranthera_gautieri_PAFTOL031804	212
Campestigma_purpurea_PAFTOL031700	211
Camptocarpus_mauritianus_PAFTOL031752	212
Carissa_macrocarpa_PAFTOL005221	205
Carissa_spinarum_PAFTOL025443	212
Carvalhoa_campanulata_PAFTOL031753	211
Cerbera_dumicola_GAP022557	212
Cerberiopsis_obtusifolia_PAFTOL025407	212
Ceropegia_sandersonii_PAFTOL005222	203
Chamaeclitandra_henriquesiana_PAFTOL025175	211
Chilocarpus_costatus_PAFTOL031728	210
Chironia_baccifera_PAFTOL005228	186
Chlorocyathus_monteiroae_PAFTOL025505	204
Chloropetalum_denticulatum_PAFTOL031729	212
Chonemorpha_fragrans_PAFTOL031730	212
Cibirhiza_dhofarensis_PAFTOL031755	212
Cionura_erecta_PAFTOL031756	211
Colletoecema_tortistilum_PAFTOL005241	201
Condylocarpon_isthmicum_PAFTOL031721	211
Conomitra_linearis_PAFTOL031808	211
Cordylogyne_globosa_PAFTOL027237	211
Cristobalia_bella_PAFTOL027243	212
Cryptolepis_nigrescens_PAFTOL025303	211
Cryptostegia_madagascariensis_PAFTOL025359	210
Cycladenia_humilis_PAFTOL031773	210
Cyclocotyla_congolensis_PAFTOL025255	211
Cylindropsis_parvifolia_PAFTOL025307	211
Cynanchum_gracillimum_PAFTOL025271	211
Cynanchum_laeve_PAFTOL031815	212
Dalzielia_oblanceolata_PAFTOL025355	211
Decanema_bojerianum_PAFTOL031789	212
Desmidorchis_retrospiciens_PAFTOL027273	210
Dewevrella_cochliostema_PAFTOL031758	210
Dictyophleba_lucida_PAFTOL025391	212
Didymosalpinx_norae_PAFTOL021419	205
Dischidanthus_urceolatus_PAFTOL027311	211
Dischidia_nummularia_GAP022127	211
Ditassa_auriflora_CB95	211
Ditassa_grandiflora_PAFTOL025209	211
Ditassa_mucronata_CB90	212
Ditassa_obcordata_CB89	211
Ditassa_taxifolia_CB93	211
Dregea_floribunda_PAFTOL031759	210
Duvalia_elegans_PAFTOL031760	212
Duvaliandra_dioscoridis_PAFTOL027275	211
Echidnopsis_cereiformis_PAFTOL031761	211
Echites_umbellatus_PAFTOL004048	198
Ectadium_virgatum_PAFTOL031762	212
Edithcolea_grandis_PAFTOL027277	211
Elytropus_chilensis_PAFTOL031763	212
Emicocarpus_fissifolius_PAFTOL025387	210
Emplectanthus_cordatus_PAFTOL031702	211
Ephippiocarpa_orientalis_PAFTOL031764	212
Epigynum_auritum_PAFTOL031703	211
Epistemma_assianum_PAFTOL031765	212
Eucorymbia_alba_PAFTOL031716	210
Eustegia_minuta_PAFTOL004041	206
Fanninia_caloglossa_PAFTOL027239	211
Farquharia_elliptica_PAFTOL031691	212
Finlaysonia_obovata_GAP022109	212
Fischeria_scandens_PAFTOL031817	212
Forsteronia_acouci_PAFTOL004047	212
Funastrum_angustissimum_PAFTOL031776	212
Funtumia_africana_PAFTOL031735	212
Galactophora_schomburgkiana_PAFTOL031704	212
Geissospermum_argenteum_PAFTOL025219	212
Gelsemium_elegans_SRR12009649	200
Genianthus_micranthus_PAFTOL031821	212
Geniostoma_borbonicum_PAFTOL006558	210
Glossostelma_spathulatum_PAFTOL031799	212
Gongronema_filipes_PAFTOL027313	212
Gonioma_kamassi_PAFTOL004050	211
Goniostemma_acuminatum_PAFTOL025379	203
Gonolobus_barbatus_PAFTOL031800	212
Gymnemopsis_calcicola_PAFTOL025463	209
Hancornia_speciosa_PAFTOL025229	211
Haplophyton_cimicidum_PAFTOL031732	209
Harmandiella_cordifolia_PAFTOL027317	212
Hemipogon_abietoides_CB81	212
Hemipogon_acerosus_CB453	211
Heterostemma_herbertii_PAFTOL031705	210
Himatanthus_attenuatus_PAFTOL031692	211
Huernia_barbata_PAFTOL031766	211
Hylaea_arborescens_PAFTOL025493	211
Ibatia_demuneri_PAFTOL027245	211
Ischnolepis_natalensis_PAFTOL027331	212
Isonema_smeathmannii_PAFTOL031767	212
Jasminanthes_suaveolens_PAFTOL031768	210
Jobinia_connivens_PAFTOL025213	200
Kamettia_chandeei_PAFTOL025465	193
Kanahia_laniflora_PAFTOL031769	211
Kibatalia_macrophylla_PAFTOL031733	212
Kopsia_arborea_GAP022171	211
Lachnostoma_ecuadorense_PAFTOL027247	212
Lacmellea_bahiensis_PAFTOL025231	212
Landolphia_incerta_PAFTOL004111	184
Larryleachia_perlata_PAFTOL027279	209
Laubertia_contorta_PAFTOL031706	212
Lavrania_haagnerae_PAFTOL027281	210
Lepinia_taitensis_PAFTOL006555	211
Leptadenia_madagascariensis_PAFTOL031797	209
Leuconotis_anceps_PAFTOL025339	201
Luculia_pinceana_PAFTOL005309	202
Lygisma_inflexum_PAFTOL027321	211
Maclaudia_felixii_PAFTOL031820	211
Macrocarpaea_stenophylla_PAFTOL005232	190
Macroscepis_sp_PAFTOL031738	212
Margaretta_rosea_PAFTOL031807	212
Marsdenia_angolensis_PAFTOL027315	211
Mascarenhasia_lisianthiflora_PAFTOL005311	200
Melodinus_forbesii_PAFTOL005890	202
Metastelma_harley_CB10	208
Metastelma_parviflorum_CB83	202
Micrechites_rhombifolius_PAFTOL031717	209
Microloma_sagittatum_PAFTOL031770	211
Microplumeria_anomala_PAFTOL031736	212
Minaria_acerosa_CB411	211
Minaria_cordata_CB198	212
Minaria_decussata_CB205	210
Minaria_grazielae_CB449	209
Minaria_harley_CB206	205
Minaria_hemipogonoides_CB208	200
Minaria_lourtegiae_CB433	200
Minaria_magisteriana_CB435	210
Minaria_micromeria_CB436	209
Minaria_parva_CB443	210
Minaria_refractifolia_CB442	177
Minaria_semirii_CB444	211
Minaria_volubilis_CB216	211
Miraglossum_pulchellum_PAFTOL031898	211
Molongum_laxum_PAFTOL025221	211
Mondia_whitei_PAFTOL031737	212
Monolluma_socotrana_PAFTOL027283	209
Monsanima_morrenioides_PAFTOL025215	201
Morilloa_lutea_PAFTOL025211	212
Mortoniella_pittieri_PAFTOL031794	209
Motandra_paniculata_PAFTOL025239	212
Mucoa_duckei_PAFTOL031810	211
Myriopteron_extensum_PAFTOL025205	211
Neoschumannia_kamerunensis_PAFTOL031897	212
Nephradenia_acerosa_CB451	211
Nephradenia_asparagoides_CB452	198
Nerium_oleander_PAFTOL031713	212
Neuburgia_corynocarpa_PAFTOL007837	204
Oncinema_lineare_PAFTOL031774	212
Oncinotis_tenuiloba_PAFTOL031812	212
Ophionella_arcuata_PAFTOL027285	210
Ophiorrhiza_winkleri_PAFTOL005263	198
Orbea_hardyi_PAFTOL027287	210
Oreosparte_celebica_PAFTOL027323	210
Orthanthera_jasminiflora_PAFTOL027257	212
Orthopichonia_barteri_PAFTOL031722	210
Orthopichonia_seretii_PAFTOL025253	203
Orthosia_dusenii_PAFTOL025217	212
Orthosia_scoparia_PAFTOL025207	212
Pachycarpus_grandiflorus_PAFTOL031775	206
Pacouria_guianensis_PAFTOL025233	211
Papuahoya_bykulleana_PAFTOL027325	210
Papuechites_aambe_PAFTOL025337	210
Parapodium_costatum_PAFTOL031777	211
Pectinaria_articulata_PAFTOL027289	211
Pentacyphus_camargoi_PAFTOL027253	211
Pentalinon_luteum_PAFTOL031778	211
Pentasacme_caudatum_PAFTOL027259	209
Pentatropis_capensis_PAFTOL031739	209
Pentopetia_albicans_PAFTOL031740	212
Perama_dichotoma_PAFTOL005268	174
Periglossum_mkenii_PAFTOL031693	212
Peruviasclepias_aliciae_PAFTOL031791	212
Pervillaea_tomentosa_PAFTOL031707	212
Phaeostemma_kelleri_PAFTOL031813	212
Pherotrichis_sp_PAFTOL031757	212
Philibertia_solanoides_PAFTOL031780	211
Phyllanthera_grayi_GAP022225	212
Phyllanthera_nymanii_PAFTOL025419	201
Piaranthus_geminatus_PAFTOL027291	210
Picralima_nitida_PAFTOL025249	212
Pinochia_corymbosa_PAFTOL031708	212
Pleiocarpa_rostrata_PAFTOL025251	212
Pleioceras_barteri_PAFTOL031782	212
Plocama_calabrica_PAFTOL021615	209
Plumeria_obtusa_PAFTOL005225	202
Polystemma_scopulorum_PAFTOL031694	212
Pottsia_laxiflora_PAFTOL031715	212
Pruskortizia_macrocarpa_PAFTOL027249	186
Pseudolithos_dodsonianus_PAFTOL027293	211
Pseudolithos_mccoyi_PAFTOL027261	210
Psychotria_borbonica_PAFTOL021587	208
Pteralyxia_laurifolia_PAFTOL031741	208
Quaqua_parviflora_PAFTOL031801	210
Raphionacme_hirsuta_PAFTOL031783	212
Rauvolfia_vomitoria_PAFTOL006556	210
Rhabdadenia_madida_PAFTOL005330	189
Rhigospira_quadrangularis_PAFTOL025223	209
Rhyssolobium_dumosum_PAFTOL031784	212
Rhytidocaulon_macrolobum_PAFTOL027295	209
Rhytidostemma_sp_PAFTOL027335	212
Richtersveldia_columnaris_PAFTOL027297	212
Riocreuxia_torulosa_PAFTOL031785	212
Riparoampelos_amazonicus_PAFTOL031818	211
Rojasia_gracilis_PAFTOL027337	211
Ruehssia_carvalhoi_PAFTOL004072	204
Saba_comorensis_PAFTOL025281	212
Sacleuxia_newii_PAFTOL031786	212
Sarcolobus_vittatus_GAP022293	211
Sarcorrhiza_epiphytica_PAFTOL025473	212
Schizocolea_linderi_PAFTOL005887	208
Schizoglossum_atropurpureum_PAFTOL031806	211
Schizostephanus_alatus_PAFTOL031787	211
Schizozygia_coffeoides_PAFTOL025453	211
Schlechterella_abyssinica_PAFTOL027333	211
Schubertia_multiflora_PAFTOL031788	211
Scyphostelma_harlingii_PAFTOL031709	212
Secamone_schweinfurthii_PAFTOL005226	205
Secamonopsis_madagascariensis_PAFTOL025361	212
Sicyocarpus_verrucosus_PAFTOL027329	210
Sisyranthus_barbatus_PAFTOL025439	209
Socotrella_dolichocnema_PAFTOL027299	212
Solenostemma_oleifolium_PAFTOL031742	211
Spigelia_pulchella_PAFTOL005874	202
Spirolobium_cambodianum_PAFTOL031710	212
Spongiosperma_grandiflorum_PAFTOL031718	212
Stapelianthus_decaryi_PAFTOL027301	212
Stapeliopsis_saxatilis_PAFTOL027303	210
Stathmostelma_gigantiflorum_PAFTOL031802	212
Stenostelma_capense_PAFTOL031790	208
Stephanostegia_hildebrandtii_PAFTOL025363	206
Stigmatorhynchus_umbellifer_PAFTOL031698	211
Stipecoma_peltigera_PAFTOL031701	204
Stomatostemma_monteiroae_PAFTOL027339	212
Strempeliopsis_strempelioides_PAFTOL025289	210
Streptocaulon_juventas_PAFTOL031696	212
Strophanthus_eminii_PAFTOL031743	212
Strychnos_splendens_PAFTOL005235	196
Suberogerens_cyclophylla_PAFTOL031822	212
Tabernaemontana_divaricata_PAFTOL005308	184
Tacazzea_venosa_PAFTOL004103	201
Tassadia_stricta_CB457	199
Tavaresia_barklyi_PAFTOL027305	208
Temnadenia_odorifera_PAFTOL031711	212
Thenardia_galeottiana_PAFTOL031814	212
Thevetia_bicornuta_PAFTOL031724	212
Topea_micrantha_PAFTOL027255	211
Toxocarpus_kleinii_PAFTOL031792	210
Trichosandra_borbonica_PAFTOL031803	212
Tridentea_gemmiflora_PAFTOL027307	209
Tromotriche_ruschiana_PAFTOL027309	209
Tweedia_brunonis_PAFTOL027251	212
Tylodontia_stipitata_PAFTOL031714	212
Utania_racemosa_PAFTOL005230	184
Vahadenia_caillei_PAFTOL025357	212
Vallaris_solanacea_PAFTOL004042	210
Vallesia_glabra_PAFTOL031744	210
Vinca_difformis_PAFTOL004938	196
Voacanga_thouarsii_PAFTOL006637	211
Wattakaka_volubilis_PAFTOL031745	212
Woodia_mucronata_PAFTOL027241	212
Xysmalobium_undulatum_PAFTOL031746	212
